Saturday, February 4, 2012|6:16:24 PM PST|http://www.architectsnw.com/aboutPlans/planModifications.cfm?||Invalid data '' for CFSQLTYPE CF_SQL_INTEGER.
Friday, July 20, 2012|11:23:56 PM PDT|http://www.architectsnw.com/aboutPlans/copyrightInformation.cfm?|onSessionStart|Event handler exception.
Wednesday, November 14, 2012|3:02:44 AM PST|http://www.architectsnw.com/aboutPlans/copyrightInformation.cfm?|onSessionStart|Event handler exception.
Thursday, September 10, 2015|1:18:00 PM PDT|http://architectsnw.com/aboutPlans/copyrightInformation.cfm?||Variable PLANTITLE is undefined.
Thursday, October 22, 2015|6:09:24 AM PDT|http://www.cornerstonedesigns.com/aboutPlans/planPackageContents.cfm?||
Monday, February 29, 2016|1:00:45 AM CST|http://www.cornerstonedesigns.com/aboutPlans/planModifications.cfm?|onSessionStart|Event handler exception.
Friday, March 4, 2016|5:50:20 AM CST|http://www.architectsnw.com/aboutPlans/planPackageContents.cfm?|onSessionStart|Event handler exception.
Friday, March 4, 2016|5:50:20 AM CST|http://www.cornerstonedesigns.com/aboutPlans/copyrightInformation.cfm?|onSessionStart|Event handler exception.
Wednesday, March 9, 2016|6:48:55 PM CST|http://www.cornerstonedesigns.com/aboutPlans/buildingCodes.cfm?|onSessionStart|Event handler exception.
Friday, March 11, 2016|3:05:43 AM CST|http://www.cornerstonedesigns.com/aboutPlans/buildingCodes.cfm?|onSessionStart|Event handler exception.
Friday, March 11, 2016|3:05:43 AM CST|http://www.architectsnw.com/aboutPlans/copyrightInformation.cfm?|onSessionStart|Event handler exception.
Friday, March 18, 2016|3:53:05 AM CDT|http://www.cornerstonedesigns.com/aboutPlans/copyrightInformation.cfm?|onSessionStart|Event handler exception.
Thursday, March 31, 2016|1:03:34 AM CDT|http://www.architectsnw.com/aboutPlans/planModifications.cfm?||Error Executing Database Query.
Friday, April 22, 2016|6:42:26 AM CDT|http://www.cornerstonedesigns.com/aboutPlans/buildingCodes.cfm?|onSessionStart|Event handler exception.
Friday, April 22, 2016|6:42:26 AM CDT|http://www.architectsnw.com/aboutPlans/planPackageContents.cfm?|onSessionStart|Event handler exception.
Thursday, April 28, 2016|5:45:20 PM CDT|http://www.architectsnw.com/aboutPlans/planPackageContents.cfm?|onSessionStart|Event handler exception.
Friday, April 29, 2016|6:36:06 AM CDT|http://www.cornerstonedesigns.com/aboutPlans/planModifications.cfm?|onSessionStart|Event handler exception.
Friday, April 29, 2016|6:36:09 AM CDT|http://www.architectsnw.com/aboutPlans/planPackages.cfm?|onSessionStart|Event handler exception.
Friday, April 29, 2016|6:36:09 AM CDT|http://www.architectsnw.com/aboutPlans/planModifications.cfm?|onSessionStart|Event handler exception.
Friday, May 6, 2016|8:00:33 AM CDT|http://www.cornerstonedesigns.com/aboutPlans/copyrightInformation.cfm?|onSessionStart|Event handler exception.
Friday, May 6, 2016|8:00:33 AM CDT|http://www.cornerstonedesigns.com/aboutPlans/buildingCodes.cfm?|onSessionStart|Event handler exception.
Friday, May 6, 2016|8:00:33 AM CDT|http://www.architectsnw.com/aboutPlans/planPackages.cfm?|onSessionStart|Event handler exception.
Friday, May 6, 2016|8:00:47 AM CDT|http://www.architectsnw.com/aboutPlans/planPackages.cfm?|onSessionStart|Event handler exception.
Monday, May 9, 2016|8:32:33 AM CDT|http://www.cornerstonedesigns.com/aboutPlans/planPackages.cfm?|onSessionStart|Event handler exception.
Monday, May 9, 2016|8:32:33 AM CDT|http://www.cornerstonedesigns.com/aboutPlans/planPackageContents.cfm?|onSessionStart|Event handler exception.
Monday, May 9, 2016|8:32:33 AM CDT|http://www.cornerstonedesigns.com/aboutPlans/planModifications.cfm?|onSessionStart|Event handler exception.
Tuesday, May 10, 2016|7:44:20 AM CDT|http://www.architectsnw.com/aboutPlans/copyrightInformation.cfm?|onSessionStart|Event handler exception.
Tuesday, May 10, 2016|7:44:20 AM CDT|http://www.architectsnw.com/aboutPlans/buildingCodes.cfm?|onSessionStart|Event handler exception.
Tuesday, May 10, 2016|10:44:09 AM CDT|http://www.architectsnw.com/aboutPlans/planPackages.cfm?|onSessionStart|Event handler exception.
Tuesday, May 10, 2016|10:44:09 AM CDT|http://www.architectsnw.com/aboutPlans/planPackageContents.cfm?|onSessionStart|Event handler exception.
Wednesday, May 11, 2016|1:51:46 AM CDT|http://www.cornerstonedesigns.com/aboutPlans/planPackages.cfm?|onSessionStart|Event handler exception.
Friday, May 13, 2016|10:20:13 AM CDT|http://www.cornerstonedesigns.com/aboutPlans/buildingCodes.cfm?|onSessionStart|Event handler exception.
Friday, May 13, 2016|10:20:14 AM CDT|http://www.architectsnw.com/aboutPlans/planModifications.cfm?|onSessionStart|Event handler exception.
Thursday, May 19, 2016|10:05:41 AM CDT|http://www.architectsnw.com/aboutPlans/copyrightInformation.cfm?|onSessionStart|Event handler exception.
Friday, May 20, 2016|9:33:09 AM CDT|http://www.cornerstonedesigns.com/aboutPlans/planModifications.cfm?|onSessionStart|Event handler exception.
Friday, May 20, 2016|9:33:09 AM CDT|http://www.architectsnw.com/aboutPlans/copyrightInformation.cfm?|onSessionStart|Event handler exception.
Friday, May 27, 2016|9:35:15 AM CDT|http://www.cornerstonedesigns.com/aboutPlans/copyrightInformation.cfm?|onSessionStart|Event handler exception.
Friday, May 27, 2016|9:35:24 AM CDT|http://www.cornerstonedesigns.com/aboutPlans/copyrightInformation.cfm?|onSessionStart|Event handler exception.
Friday, June 3, 2016|8:10:46 AM CDT|http://www.architectsnw.com/aboutPlans/planModifications.cfm?|onSessionStart|Event handler exception.
Friday, June 3, 2016|8:10:46 AM CDT|http://www.architectsnw.com/aboutPlans/copyrightInformation.cfm?|onSessionStart|Event handler exception.
Friday, June 3, 2016|8:10:46 AM CDT|http://www.architectsnw.com/aboutPlans/buildingCodes.cfm?|onSessionStart|Event handler exception.
Friday, June 3, 2016|8:10:46 AM CDT|http://www.architectsnw.com/aboutPlans/planPackages.cfm?|onSessionStart|Event handler exception.
Friday, June 3, 2016|8:10:46 AM CDT|http://www.cornerstonedesigns.com/aboutPlans/planModifications.cfm?|onSessionStart|Event handler exception.
Friday, June 10, 2016|10:08:44 AM CDT|http://www.architectsnw.com/aboutPlans/copyrightInformation.cfm?|onSessionStart|Event handler exception.
Friday, June 10, 2016|10:09:22 AM CDT|http://www.architectsnw.com/aboutPlans/copyrightInformation.cfm?|onSessionStart|Event handler exception.
Tuesday, June 14, 2016|3:54:57 PM CDT|http://www.architectsnw.com/aboutPlans/copyrightInformation.cfm?|onSessionStart|Event handler exception.
Tuesday, June 14, 2016|4:56:27 PM CDT|http://www.architectsnw.com/aboutPlans/copyrightInformation.cfm?|onSessionStart|Event handler exception.
Tuesday, June 14, 2016|5:51:16 PM CDT|http://www.cornerstonedesigns.com/aboutPlans/planModifications.cfm?|onSessionStart|Event handler exception.
Tuesday, June 14, 2016|5:51:31 PM CDT|http://www.cornerstonedesigns.com/aboutPlans/copyrightInformation.cfm?|onSessionStart|Event handler exception.
Friday, June 17, 2016|8:19:49 AM CDT|http://www.cornerstonedesigns.com/aboutPlans/planPackageContents.cfm?||Could not find the included template /assets/customtags/layout.cfm.
Friday, June 17, 2016|12:44:41 PM CDT|http://www.architectsnw.com/aboutPlans/planPackageContents.cfm?|onSessionStart|Event handler exception.
Friday, June 17, 2016|12:44:42 PM CDT|http://www.architectsnw.com/aboutPlans/buildingCodes.cfm?|onSessionStart|Event handler exception.
Friday, June 17, 2016|12:44:42 PM CDT|http://www.cornerstonedesigns.com/aboutPlans/planModifications.cfm?|onSessionStart|Event handler exception.
Friday, June 17, 2016|12:44:42 PM CDT|http://www.architectsnw.com/aboutPlans/planPackages.cfm?|onSessionStart|Event handler exception.
Sunday, June 19, 2016|1:15:58 AM CDT|http://www.architectsnw.com/aboutPlans/buildingCodes.cfm?|onSessionStart|Event handler exception.
Sunday, June 19, 2016|1:16:08 AM CDT|http://www.architectsnw.com/aboutPlans/planPackageContents.cfm?|onSessionStart|Event handler exception.
Sunday, June 19, 2016|1:16:22 AM CDT|http://www.architectsnw.com/aboutPlans/planPackageContents.cfm?|onSessionStart|Event handler exception.
Friday, June 24, 2016|9:25:26 AM CDT|http://www.architectsnw.com/aboutPlans/planPackageContents.cfm?|onSessionStart|Event handler exception.
Tuesday, June 28, 2016|2:33:16 PM CDT|http://www.architectsnw.com/aboutPlans/copyrightInformation.cfm?||Could not find the included template /assets/customtags/layout.cfm.
Friday, July 8, 2016|8:22:51 AM CDT|http://www.architectsnw.com/aboutPlans/buildingCodes.cfm?|onSessionStart|Event handler exception.
Friday, July 8, 2016|8:22:51 AM CDT|http://www.architectsnw.com/aboutPlans/planModifications.cfm?|onSessionStart|Event handler exception.
Friday, July 8, 2016|8:22:51 AM CDT|http://www.architectsnw.com/aboutPlans/copyrightInformation.cfm?|onSessionStart|Event handler exception.
Friday, July 15, 2016|4:37:46 AM CDT|http://www.architectsnw.com/aboutPlans/planPackages.cfm?|onSessionStart|Event handler exception.
Friday, July 15, 2016|4:37:49 AM CDT|http://www.architectsnw.com/aboutPlans/planPackageContents.cfm?|onSessionStart|Event handler exception.
Friday, July 15, 2016|4:37:49 AM CDT|http://www.architectsnw.com/aboutPlans/planModifications.cfm?|onSessionStart|Event handler exception.
Friday, July 15, 2016|1:43:29 PM CDT|http://www.architectsnw.com/aboutPlans/planModifications.cfm?|onSessionStart|Event handler exception.
Friday, July 15, 2016|1:43:29 PM CDT|http://www.architectsnw.com/aboutPlans/planPackages.cfm?|onSessionStart|Event handler exception.
Sunday, September 25, 2016|7:56:07 AM CDT|http://www.architectsnw.com/aboutPlans/planPackages.cfm?||Could not find the included template /assets/customtags/layout.cfm.
Monday, September 26, 2016|12:55:38 PM CDT|http://www.architectsnw.com/aboutPlans/planModifications.cfm?||Could not find the included template /assets/customtags/layout.cfm.
Tuesday, October 11, 2016|7:23:38 PM CDT|http://www.cornerstonedesigns.com/aboutPlans/planModifications.cfm?||Could not find the included template /assets/customtags/layout.cfm.
Thursday, October 27, 2016|10:27:19 PM CDT|http://www.architectsnw.com/aboutPlans/planModifications.cfm?||Could not find the included template /assets/customtags/layout.cfm.
Thursday, March 30, 2017|9:25:31 PM CDT|http://www.architectsnw.com/aboutPlans/planModifications.cfm?||Error Executing Database Query.
Thursday, March 30, 2017|9:25:34 PM CDT|http://www.architectsnw.com/aboutPlans/planModifications.cfm?||Error Executing Database Query.
Tuesday, May 30, 2017|8:49:32 PM CDT|http://www.architectsnw.com/aboutPlans/planPackages.cfm?|onRequestStart|Event handler exception.
Saturday, September 30, 2017|11:06:53 PM CDT|http://www.cornerstonedesigns.com/aboutPlans/buildingCodes.cfm?|onSessionStart|Event handler exception.
