Friday, October 28, 2011|6:13:05 PM PDT|http://www.cornerstonedesignsdev.com/marketingProducts/planBooks.cfm?||Error Executing Database Query.
Wednesday, July 25, 2012|12:54:52 PM PDT|http://architectsnw.com/marketingProducts/videoGallery.cfm?|onSessionStart|Event handler exception.
Friday, May 2, 2014|2:02:32 PM PDT|http://architectsnw.com/marketingProducts/photoGallery.cfm?||Variable PLANTITLE is undefined.
Monday, May 9, 2016|8:32:33 AM CDT|http://www.cornerstonedesigns.com/marketingProducts/planBooks.cfm?|onSessionStart|Event handler exception.
Tuesday, May 10, 2016|7:44:20 AM CDT|http://www.architectsnw.com/marketingProducts/videoGallery.cfm?|onSessionStart|Event handler exception.
Thursday, May 19, 2016|10:05:41 AM CDT|http://www.architectsnw.com/marketingProducts/videoGallery.cfm?|onSessionStart|Event handler exception.
Tuesday, June 14, 2016|5:49:57 PM CDT|http://www.cornerstonedesigns.com/marketingProducts/photoGallery.cfm?|onSessionStart|Event handler exception.
Tuesday, June 14, 2016|5:49:57 PM CDT|http://www.cornerstonedesigns.com/marketingProducts/realtorProducts.cfm?|onSessionStart|Event handler exception.
Friday, June 17, 2016|8:20:35 AM CDT|http://www.cornerstonedesigns.com/marketingProducts/videoGallery.cfm?||Could not find the included template /assets/customtags/layout.cfm.
Sunday, June 19, 2016|1:15:58 AM CDT|http://www.architectsnw.com/marketingProducts/planBooks.cfm?|onSessionStart|Event handler exception.
Sunday, June 19, 2016|1:16:22 AM CDT|http://www.architectsnw.com/marketingProducts/videoGallery.cfm?|onSessionStart|Event handler exception.
Sunday, June 19, 2016|1:16:24 AM CDT|http://www.architectsnw.com/marketingProducts/photoGallery.cfm?|onSessionStart|Event handler exception.
Sunday, June 19, 2016|1:16:24 AM CDT|http://www.architectsnw.com/marketingProducts/planBooks.cfm?|onSessionStart|Event handler exception.
Tuesday, July 5, 2016|1:20:29 PM CDT|http://www.cornerstonedesigns.com/marketingProducts/planBooks.cfm?||Could not find the included template /assets/customtags/layout.cfm.
Tuesday, July 5, 2016|1:20:33 PM CDT|http://www.architectsnw.com/marketingProducts/videoGallery.cfm?||Could not find the included template /assets/customtags/layout.cfm.
Tuesday, July 5, 2016|2:35:29 PM CDT|http://www.cornerstonedesigns.com/marketingProducts/videoGallery.cfm?||Could not find the included template /assets/customtags/layout.cfm.
Thursday, July 7, 2016|10:20:40 AM CDT|http://www.cornerstonedesigns.com/marketingProducts/photoGallery.cfm?|onSessionStart|Event handler exception.
Friday, July 15, 2016|4:37:49 AM CDT|http://www.architectsnw.com/marketingProducts/planBooks.cfm?|onSessionStart|Event handler exception.
Friday, July 15, 2016|4:37:50 AM CDT|http://www.architectsnw.com/marketingProducts/realtorProducts.cfm?|onSessionStart|Event handler exception.
Friday, July 15, 2016|8:10:30 AM CDT|http://www.architectsnw.com/marketingProducts/realtorProducts.cfm?|onSessionStart|Event handler exception.
Sunday, September 25, 2016|7:55:56 AM CDT|http://www.cornerstonedesigns.com/marketingProducts/photoGallery.cfm?||Could not find the included template /assets/customtags/layout.cfm.
Wednesday, November 2, 2016|12:31:55 PM CDT|http://www.cornerstonedesigns.com/marketingProducts/photoGallery.cfm?||Could not find the included template /assets/customtags/layout.cfm.
Friday, November 18, 2016|7:26:34 AM CST|http://www.architectsnw.com/marketingProducts/videoGallery.cfm?||Could not find the included template /assets/customtags/layout.cfm.
Friday, November 18, 2016|7:55:22 AM CST|http://www.architectsnw.com/marketingProducts/planBooks.cfm?||Could not find the included template /assets/customtags/layout.cfm.
Friday, November 18, 2016|7:55:31 AM CST|http://www.architectsnw.com/marketingProducts/realtorProducts.cfm?||Could not find the included template /assets/customtags/layout.cfm.
Tuesday, November 14, 2017|8:21:09 AM CST|http://www.cornerstonedesigns.com/marketingProducts/videoGallery.cfm?||Variable PLANTITLE is undefined.
