Tuesday, January 3, 2012|6:41:08 PM PST|http://intermedia.net/betterAutoSuggest/betterAutoSuggest.cfm?||Element EXECUTIONMODE is undefined in THISTAG.
Friday, March 30, 2012|8:33:36 PM PDT|http://intermedia.net/betterAutoSuggest/betterAutoSuggest.cfm?||Element EXECUTIONMODE is undefined in THISTAG.
Sunday, December 30, 2012|7:42:11 PM PST|http://intermedia.net/betterAutoSuggest/betterAutoSuggest.cfm?||Element EXECUTIONMODE is undefined in THISTAG.
Sunday, December 30, 2012|7:43:24 PM PST|http://intermedia.net/betterAutoSuggest/betterAutoSuggest.cfm?||Element EXECUTIONMODE is undefined in THISTAG.
Sunday, December 30, 2012|7:57:05 PM PST|http://64.78.25.154/betterAutoSuggest/betterAutoSuggest.cfm?||Element EXECUTIONMODE is undefined in THISTAG.
Sunday, December 30, 2012|7:57:18 PM PST|http://64.78.25.154/betterAutoSuggest/betterAutoSuggest.cfm?||Element EXECUTIONMODE is undefined in THISTAG.
Sunday, December 30, 2012|8:26:11 PM PST|http://intermedia.net/betterAutoSuggest/betterAutoSuggest.cfm?reset=%00lfnokw||Element EXECUTIONMODE is undefined in THISTAG.
Sunday, December 30, 2012|8:26:12 PM PST|http://intermedia.net/betterAutoSuggest/betterAutoSuggest.cfm?Bathrooms=%00lfnokw||Element EXECUTIONMODE is undefined in THISTAG.
Sunday, December 30, 2012|8:26:14 PM PST|http://intermedia.net/betterAutoSuggest/betterAutoSuggest.cfm?Bedrooms=%00lfnokw||Element EXECUTIONMODE is undefined in THISTAG.
Sunday, December 30, 2012|8:26:16 PM PST|http://intermedia.net/betterAutoSuggest/betterAutoSuggest.cfm?SquareFootageHigh=%00lfnokw||Element EXECUTIONMODE is undefined in THISTAG.
Sunday, December 30, 2012|8:26:18 PM PST|http://intermedia.net/betterAutoSuggest/betterAutoSuggest.cfm?SquareFootageLow=%00lfnokw||Element EXECUTIONMODE is undefined in THISTAG.
Sunday, December 30, 2012|8:26:19 PM PST|http://intermedia.net/betterAutoSuggest/betterAutoSuggest.cfm?PlanTypeId=%00lfnokw||Element EXECUTIONMODE is undefined in THISTAG.
Sunday, December 30, 2012|8:26:21 PM PST|http://intermedia.net/betterAutoSuggest/betterAutoSuggest.cfm?reset=%00lfnokw&Bathrooms=6&Bedrooms=5&SquareFootageHigh=11000&SquareFootageLow=&PlanTypeId=9||Element EXECUTIONMODE is undefined in THISTAG.
Sunday, December 30, 2012|8:26:23 PM PST|http://intermedia.net/betterAutoSuggest/betterAutoSuggest.cfm?reset=1&Bathrooms=%00lfnokw&Bedrooms=5&SquareFootageHigh=11000&SquareFootageLow=&PlanTypeId=9||Element EXECUTIONMODE is undefined in THISTAG.
Sunday, December 30, 2012|8:26:25 PM PST|http://intermedia.net/betterAutoSuggest/betterAutoSuggest.cfm?reset=1&Bathrooms=6&Bedrooms=%00lfnokw&SquareFootageHigh=11000&SquareFootageLow=&PlanTypeId=9||Element EXECUTIONMODE is undefined in THISTAG.
Sunday, December 30, 2012|8:26:27 PM PST|http://intermedia.net/betterAutoSuggest/betterAutoSuggest.cfm?reset=1&Bathrooms=6&Bedrooms=5&SquareFootageHigh=%00lfnokw&SquareFootageLow=&PlanTypeId=9||Element EXECUTIONMODE is undefined in THISTAG.
Sunday, December 30, 2012|8:26:29 PM PST|http://intermedia.net/betterAutoSuggest/betterAutoSuggest.cfm?reset=1&Bathrooms=6&Bedrooms=5&SquareFootageHigh=11000&SquareFootageLow=%00lfnokw&PlanTypeId=9||Element EXECUTIONMODE is undefined in THISTAG.
Sunday, December 30, 2012|8:26:31 PM PST|http://intermedia.net/betterAutoSuggest/betterAutoSuggest.cfm?reset=1&Bathrooms=6&Bedrooms=5&SquareFootageHigh=11000&SquareFootageLow=&PlanTypeId=%00lfnokw||Element EXECUTIONMODE is undefined in THISTAG.
Sunday, December 30, 2012|8:29:18 PM PST|http://intermedia.net/betterAutoSuggest/betterAutoSuggest.cfm?reset=1&Bathrooms=6&Bedrooms=5&SquareFootageHigh=11000&SquareFootageLow=&PlanTypeId=9||Element EXECUTIONMODE is undefined in THISTAG.
Sunday, December 30, 2012|8:35:07 PM PST|http://intermedia.net/betterAutoSuggest/betterAutoSuggest.cfm?reset=%00lfnokw||Element EXECUTIONMODE is undefined in THISTAG.
Sunday, December 30, 2012|8:35:09 PM PST|http://intermedia.net/betterAutoSuggest/betterAutoSuggest.cfm?Bathrooms=%00lfnokw||Element EXECUTIONMODE is undefined in THISTAG.
Sunday, December 30, 2012|8:35:11 PM PST|http://intermedia.net/betterAutoSuggest/betterAutoSuggest.cfm?Bedrooms=%00lfnokw||Element EXECUTIONMODE is undefined in THISTAG.
Sunday, December 30, 2012|8:35:12 PM PST|http://intermedia.net/betterAutoSuggest/betterAutoSuggest.cfm?SquareFootageHigh=%00lfnokw||Element EXECUTIONMODE is undefined in THISTAG.
Sunday, December 30, 2012|8:35:14 PM PST|http://intermedia.net/betterAutoSuggest/betterAutoSuggest.cfm?SquareFootageLow=%00lfnokw||Element EXECUTIONMODE is undefined in THISTAG.
Sunday, December 30, 2012|8:35:17 PM PST|http://intermedia.net/betterAutoSuggest/betterAutoSuggest.cfm?PlanTypeId=%00lfnokw||Element EXECUTIONMODE is undefined in THISTAG.
Sunday, December 30, 2012|8:35:19 PM PST|http://intermedia.net/betterAutoSuggest/betterAutoSuggest.cfm?reset=%00lfnokw&Bathrooms=4&Bedrooms=5&SquareFootageHigh=11000&SquareFootageLow=0&PlanTypeId=9||Element EXECUTIONMODE is undefined in THISTAG.
Sunday, December 30, 2012|8:35:22 PM PST|http://intermedia.net/betterAutoSuggest/betterAutoSuggest.cfm?reset=1&Bathrooms=%00lfnokw&Bedrooms=5&SquareFootageHigh=11000&SquareFootageLow=0&PlanTypeId=9||Element EXECUTIONMODE is undefined in THISTAG.
Sunday, December 30, 2012|8:35:24 PM PST|http://intermedia.net/betterAutoSuggest/betterAutoSuggest.cfm?reset=1&Bathrooms=4&Bedrooms=%00lfnokw&SquareFootageHigh=11000&SquareFootageLow=0&PlanTypeId=9||Element EXECUTIONMODE is undefined in THISTAG.
Sunday, December 30, 2012|8:35:26 PM PST|http://intermedia.net/betterAutoSuggest/betterAutoSuggest.cfm?reset=1&Bathrooms=4&Bedrooms=5&SquareFootageHigh=%00lfnokw&SquareFootageLow=0&PlanTypeId=9||Element EXECUTIONMODE is undefined in THISTAG.
Sunday, December 30, 2012|8:35:28 PM PST|http://intermedia.net/betterAutoSuggest/betterAutoSuggest.cfm?reset=1&Bathrooms=4&Bedrooms=5&SquareFootageHigh=11000&SquareFootageLow=%00lfnokw&PlanTypeId=9||Element EXECUTIONMODE is undefined in THISTAG.
Sunday, December 30, 2012|8:35:30 PM PST|http://intermedia.net/betterAutoSuggest/betterAutoSuggest.cfm?reset=1&Bathrooms=4&Bedrooms=5&SquareFootageHigh=11000&SquareFootageLow=0&PlanTypeId=%00lfnokw||Element EXECUTIONMODE is undefined in THISTAG.
Sunday, December 30, 2012|8:40:30 PM PST|http://intermedia.net/betterAutoSuggest/betterAutoSuggest.cfm?reset=1&Bathrooms=6&Bedrooms=5&SquareFootageHigh=11000&SquareFootageLow=&PlanTypeId=9||Element EXECUTIONMODE is undefined in THISTAG.
Sunday, December 30, 2012|8:49:48 PM PST|http://intermedia.net/betterAutoSuggest/betterAutoSuggest.cfm?reset=1&Bathrooms=4&Bedrooms=5&SquareFootageHigh=11000&SquareFootageLow=0&PlanTypeId=9||Element EXECUTIONMODE is undefined in THISTAG.
Sunday, December 30, 2012|9:41:25 PM PST|http://64.78.25.154/betterAutoSuggest/betterAutoSuggest.cfm?<script||ScriptProtect error replacing insecure tag in the CGI scope.
Sunday, December 30, 2012|9:41:26 PM PST|http://intermedia.net/betterAutoSuggest/betterAutoSuggest.cfm?"><script>alert(303);</script>=1||ScriptProtect error replacing insecure tag in the CGI scope.
Sunday, December 30, 2012|9:42:36 PM PST|http://64.78.25.154/betterAutoSuggest/betterAutoSuggest.cfm?<script||ScriptProtect error replacing insecure tag in the CGI scope.
Sunday, December 30, 2012|9:42:37 PM PST|http://intermedia.net/betterAutoSuggest/betterAutoSuggest.cfm?"><script>alert(303);</script>=1||ScriptProtect error replacing insecure tag in the CGI scope.
