Tuesday, August 28, 2012|5:45:23 PM PDT|http://www.architectsnw.com/sitemanagement/default.cfm?reinit|onRequestStart|Event handler exception.
Tuesday, August 28, 2012|5:48:46 PM PDT|http://www.architectsnw.com/sitemanagement/default.cfm?reinit|onRequestStart|Event handler exception.
Tuesday, August 28, 2012|6:31:46 PM PDT|http://www.architectsnw.com/sitemanagement/deletePlan.cfm?||Element PREVNEXTPLANINFO.PREVIOUSPLANID is undefined in VARIABLES.
Tuesday, August 28, 2012|6:43:00 PM PDT|http://www.architectsnw.com/sitemanagement/relatedPlans.cfm?||access denied (java.io.FilePermission D:\ColdFusion8\wwwroot\WEB-INF\cfclasses\cfPlanService2ecfc695243947$funcGETPLANTITLEWITHTITLEFIRST.class write)
Tuesday, August 28, 2012|6:43:09 PM PDT|http://www.architectsnw.com/sitemanagement/relatedPlans.cfm?||access denied (java.io.FilePermission D:\ColdFusion8\wwwroot\WEB-INF\cfclasses\cfPlanService2ecfc695243947$funcGETPLANTITLEWITHTITLEFIRST.class write)
Tuesday, August 28, 2012|6:43:23 PM PDT|http://www.architectsnw.com/sitemanagement/relatedPlans.cfm?||access denied (java.io.FilePermission D:\ColdFusion8\wwwroot\WEB-INF\cfclasses\cfPlanService2ecfc695243947$funcGETPLANTITLEWITHTITLEFIRST.class write)
Tuesday, August 28, 2012|6:43:28 PM PDT|http://www.architectsnw.com/sitemanagement/relatedPlans.cfm?||access denied (java.io.FilePermission D:\ColdFusion8\wwwroot\WEB-INF\cfclasses\cfPlanService2ecfc695243947$funcGETPLANTITLEWITHTITLEFIRST.class write)
Tuesday, August 28, 2012|6:43:39 PM PDT|http://www.architectsnw.com/sitemanagement/relatedPlans.cfm?PlanId=860&submit=Go%21||access denied (java.io.FilePermission D:\ColdFusion8\wwwroot\WEB-INF\cfclasses\cfPlanService2ecfc695243947$funcGETPLANTITLEWITHTITLEFIRST.class write)
Tuesday, August 28, 2012|6:46:11 PM PDT|http://www.architectsnw.com/sitemanagement/relatedPlans.cfm?||access denied (java.io.FilePermission D:\ColdFusion8\wwwroot\WEB-INF\cfclasses\cfPlanService2ecfc695243947$funcGETPLANTITLEWITHTITLEFIRST.class write)
Tuesday, August 28, 2012|7:09:47 PM PDT|http://www.architectsnw.com/sitemanagement/deletePlan.cfm?deletePlan=1||Error Executing Database Query.
Tuesday, August 28, 2012|7:14:29 PM PDT|http://www.architectsnw.com/sitemanagement/deletePlan.cfm?deletePlan=1||Invalid data '' for CFSQLTYPE CF_SQL_SMALLINT.
Tuesday, August 28, 2012|7:14:49 PM PDT|http://www.architectsnw.com/sitemanagement/deletePlan.cfm?deletePlan=1||Invalid data '' for CFSQLTYPE CF_SQL_SMALLINT.
Tuesday, August 28, 2012|7:18:12 PM PDT|http://www.architectsnw.com/sitemanagement/deletePlan.cfm?deletePlan=1||Invalid data '' for CFSQLTYPE CF_SQL_SMALLINT.
Tuesday, August 28, 2012|7:23:19 PM PDT|http://www.architectsnw.com/sitemanagement/deletePlan.cfm?deletePlan=1||Error Executing Database Query.
Tuesday, August 28, 2012|7:24:21 PM PDT|http://www.architectsnw.com/sitemanagement/deletePlan.cfm?deletePlan=1||Element PLANID is undefined in VARIABLES.
Wednesday, September 12, 2012|9:21:10 AM PDT|http://architectsnw.com/sitemanagement/managePlanImages.cfm?||Invalid data '' for CFSQLTYPE CF_SQL_INTEGER.
Sunday, December 30, 2012|8:19:36 PM PST|http://intermedia.net/sitemanagement/default.cfm?|onRequestStart|Event handler exception.
Sunday, December 30, 2012|8:19:38 PM PST|http://intermedia.net/sitemanagement/default.cfm?|onRequestStart|Event handler exception.
Sunday, December 30, 2012|8:30:10 PM PST|http://intermedia.net/sitemanagement/default.cfm?|onRequestStart|Event handler exception.
Sunday, December 30, 2012|8:30:12 PM PST|http://intermedia.net/sitemanagement/default.cfm?|onRequestStart|Event handler exception.
Sunday, December 30, 2012|8:53:48 PM PST|http://intermedia.net/sitemanagement/default.cfm?|onRequestStart|Event handler exception.
Sunday, December 30, 2012|8:53:50 PM PST|http://intermedia.net/sitemanagement/default.cfm?|onRequestStart|Event handler exception.
Sunday, December 30, 2012|9:07:24 PM PST|http://intermedia.net/sitemanagement/default.cfm?|onRequestStart|Event handler exception.
Sunday, December 30, 2012|9:07:25 PM PST|http://intermedia.net/sitemanagement/default.cfm?|onRequestStart|Event handler exception.
Sunday, December 30, 2012|9:08:25 PM PST|http://intermedia.net/sitemanagement/default.cfm?|onRequestStart|Event handler exception.
Sunday, December 30, 2012|9:08:27 PM PST|http://intermedia.net/sitemanagement/default.cfm?|onRequestStart|Event handler exception.
Sunday, December 30, 2012|9:08:32 PM PST|http://intermedia.net/sitemanagement/default.cfm?|onRequestStart|Event handler exception.
Sunday, December 30, 2012|9:08:35 PM PST|http://intermedia.net/sitemanagement/default.cfm?|onRequestStart|Event handler exception.
Sunday, December 30, 2012|9:08:37 PM PST|http://intermedia.net/sitemanagement/default.cfm?|onRequestStart|Event handler exception.
Sunday, December 30, 2012|9:08:39 PM PST|http://intermedia.net/sitemanagement/default.cfm?|onRequestStart|Event handler exception.
Sunday, December 30, 2012|9:08:42 PM PST|http://intermedia.net/sitemanagement/default.cfm?|onRequestStart|Event handler exception.
Sunday, December 30, 2012|9:08:44 PM PST|http://intermedia.net/sitemanagement/default.cfm?|onRequestStart|Event handler exception.
Sunday, December 30, 2012|9:08:47 PM PST|http://intermedia.net/sitemanagement/default.cfm?|onRequestStart|Event handler exception.
Sunday, December 30, 2012|9:08:49 PM PST|http://intermedia.net/sitemanagement/default.cfm?|onRequestStart|Event handler exception.
Sunday, December 30, 2012|9:08:51 PM PST|http://intermedia.net/sitemanagement/default.cfm?|onRequestStart|Event handler exception.
Sunday, December 30, 2012|9:08:53 PM PST|http://intermedia.net/sitemanagement/default.cfm?|onRequestStart|Event handler exception.
Sunday, December 30, 2012|9:08:56 PM PST|http://intermedia.net/sitemanagement/default.cfm?|onRequestStart|Event handler exception.
Sunday, December 30, 2012|9:08:59 PM PST|http://intermedia.net/sitemanagement/default.cfm?|onRequestStart|Event handler exception.
Sunday, December 30, 2012|9:09:01 PM PST|http://intermedia.net/sitemanagement/default.cfm?|onRequestStart|Event handler exception.
Sunday, December 30, 2012|9:09:03 PM PST|http://intermedia.net/sitemanagement/default.cfm?|onRequestStart|Event handler exception.
Sunday, December 30, 2012|9:09:06 PM PST|http://intermedia.net/sitemanagement/default.cfm?|onRequestStart|Event handler exception.
Sunday, December 30, 2012|9:09:08 PM PST|http://intermedia.net/sitemanagement/default.cfm?|onRequestStart|Event handler exception.
Sunday, December 30, 2012|9:09:10 PM PST|http://intermedia.net/sitemanagement/default.cfm?|onRequestStart|Event handler exception.
Sunday, December 30, 2012|9:09:12 PM PST|http://intermedia.net/sitemanagement/default.cfm?|onRequestStart|Event handler exception.
Sunday, December 30, 2012|9:09:14 PM PST|http://intermedia.net/sitemanagement/default.cfm?|onRequestStart|Event handler exception.
Sunday, December 30, 2012|9:09:17 PM PST|http://intermedia.net/sitemanagement/default.cfm?|onRequestStart|Event handler exception.
Sunday, December 30, 2012|9:09:19 PM PST|http://intermedia.net/sitemanagement/default.cfm?|onRequestStart|Event handler exception.
Sunday, December 30, 2012|9:09:21 PM PST|http://intermedia.net/sitemanagement/default.cfm?|onRequestStart|Event handler exception.
Sunday, December 30, 2012|9:09:23 PM PST|http://intermedia.net/sitemanagement/default.cfm?|onRequestStart|Event handler exception.
Sunday, December 30, 2012|9:09:26 PM PST|http://intermedia.net/sitemanagement/default.cfm?|onRequestStart|Event handler exception.
Sunday, December 30, 2012|9:09:28 PM PST|http://intermedia.net/sitemanagement/default.cfm?|onRequestStart|Event handler exception.
Sunday, December 30, 2012|9:09:30 PM PST|http://intermedia.net/sitemanagement/default.cfm?|onRequestStart|Event handler exception.
Sunday, December 30, 2012|9:09:33 PM PST|http://intermedia.net/sitemanagement/default.cfm?|onRequestStart|Event handler exception.
Sunday, December 30, 2012|9:12:10 PM PST|http://intermedia.net/sitemanagement/default.cfm?|onRequestStart|Event handler exception.
Sunday, December 30, 2012|9:12:12 PM PST|http://intermedia.net/sitemanagement/default.cfm?|onRequestStart|Event handler exception.
Sunday, December 30, 2012|9:12:14 PM PST|http://intermedia.net/sitemanagement/default.cfm?|onRequestStart|Event handler exception.
Sunday, December 30, 2012|9:12:16 PM PST|http://intermedia.net/sitemanagement/default.cfm?|onRequestStart|Event handler exception.
Sunday, December 30, 2012|9:12:17 PM PST|http://intermedia.net/sitemanagement/default.cfm?|onRequestStart|Event handler exception.
Sunday, December 30, 2012|9:12:19 PM PST|http://intermedia.net/sitemanagement/default.cfm?|onRequestStart|Event handler exception.
Sunday, December 30, 2012|9:12:21 PM PST|http://intermedia.net/sitemanagement/default.cfm?|onRequestStart|Event handler exception.
Sunday, December 30, 2012|9:12:24 PM PST|http://intermedia.net/sitemanagement/default.cfm?|onRequestStart|Event handler exception.
Sunday, December 30, 2012|9:12:25 PM PST|http://intermedia.net/sitemanagement/default.cfm?|onRequestStart|Event handler exception.
Sunday, December 30, 2012|9:12:27 PM PST|http://intermedia.net/sitemanagement/default.cfm?|onRequestStart|Event handler exception.
Sunday, December 30, 2012|9:12:29 PM PST|http://intermedia.net/sitemanagement/default.cfm?|onRequestStart|Event handler exception.
Sunday, December 30, 2012|9:12:31 PM PST|http://intermedia.net/sitemanagement/default.cfm?|onRequestStart|Event handler exception.
Sunday, December 30, 2012|9:12:32 PM PST|http://intermedia.net/sitemanagement/default.cfm?|onRequestStart|Event handler exception.
Sunday, December 30, 2012|9:12:34 PM PST|http://intermedia.net/sitemanagement/default.cfm?|onRequestStart|Event handler exception.
Sunday, December 30, 2012|9:12:36 PM PST|http://intermedia.net/sitemanagement/default.cfm?|onRequestStart|Event handler exception.
Sunday, December 30, 2012|9:12:37 PM PST|http://intermedia.net/sitemanagement/default.cfm?|onRequestStart|Event handler exception.
Sunday, December 30, 2012|9:12:39 PM PST|http://intermedia.net/sitemanagement/default.cfm?|onRequestStart|Event handler exception.
Sunday, December 30, 2012|9:12:41 PM PST|http://intermedia.net/sitemanagement/default.cfm?|onRequestStart|Event handler exception.
Sunday, December 30, 2012|9:12:43 PM PST|http://intermedia.net/sitemanagement/default.cfm?|onRequestStart|Event handler exception.
Sunday, December 30, 2012|9:12:45 PM PST|http://intermedia.net/sitemanagement/default.cfm?|onRequestStart|Event handler exception.
Sunday, December 30, 2012|9:12:47 PM PST|http://intermedia.net/sitemanagement/default.cfm?|onRequestStart|Event handler exception.
Sunday, December 30, 2012|9:12:49 PM PST|http://intermedia.net/sitemanagement/default.cfm?|onRequestStart|Event handler exception.
Sunday, December 30, 2012|9:12:51 PM PST|http://intermedia.net/sitemanagement/default.cfm?|onRequestStart|Event handler exception.
Sunday, December 30, 2012|9:12:52 PM PST|http://intermedia.net/sitemanagement/default.cfm?|onRequestStart|Event handler exception.
Sunday, December 30, 2012|9:12:54 PM PST|http://intermedia.net/sitemanagement/default.cfm?|onRequestStart|Event handler exception.
Sunday, December 30, 2012|9:12:56 PM PST|http://intermedia.net/sitemanagement/default.cfm?|onRequestStart|Event handler exception.
Friday, May 9, 2014|12:13:08 PM PDT|http://cornerstonedesigns.com/sitemanagement/deletePlan.cfm?deletePlan=1||Invalid data '' for CFSQLTYPE CF_SQL_SMALLINT.
Sunday, May 18, 2014|6:20:44 PM PDT|http://www.architectsnw.com/sitemanagement/floorPlanTest.cfm?||Variable ARGUMENTS is undefined.
Sunday, May 18, 2014|6:21:52 PM PDT|http://www.architectsnw.com/sitemanagement/floorPlanTest.cfm?||Variable ARGUMENTS is undefined.
Friday, June 13, 2014|10:41:00 AM PDT|http://cornerstonedesigns.com/sitemanagement/updatePlan.cfm?||Element FPI.DELMAINFLOORPLAN is undefined in ARGUMENTS.
Saturday, September 13, 2014|10:52:38 AM PDT|http://www.architectsnw.com/sitemanagement/updatePlan.cfm?||Error Executing Database Query.
Thursday, September 18, 2014|3:50:38 PM PDT|http://cornerstonedesigns.com/sitemanagement/addplan.cfm?||Error Executing Database Query.
Thursday, September 18, 2014|3:50:47 PM PDT|http://cornerstonedesigns.com/sitemanagement/addplan.cfm?||Error Executing Database Query.
Friday, September 26, 2014|3:59:40 PM PDT|http://cornerstonedesigns.com/sitemanagement/addplan.cfm?||Error Executing Database Query.
Tuesday, September 30, 2014|2:39:45 PM PDT|http://cornerstonedesigns.com/sitemanagement/addplan.cfm?||Error Executing Database Query.
Tuesday, September 30, 2014|2:40:56 PM PDT|http://cornerstonedesigns.com/sitemanagement/addplan.cfm?||Error Executing Database Query.
Wednesday, October 1, 2014|8:44:52 AM PDT|http://cornerstonedesigns.com/sitemanagement/addplan.cfm?||Error Executing Database Query.
Wednesday, October 1, 2014|8:45:20 AM PDT|http://cornerstonedesigns.com/sitemanagement/addplan.cfm?||Error Executing Database Query.
Wednesday, October 1, 2014|9:20:32 AM PDT|http://cornerstonedesigns.com/sitemanagement/addplan.cfm?||Error Executing Database Query.
Wednesday, October 1, 2014|9:42:28 AM PDT|http://cornerstonedesigns.com/sitemanagement/addplan.cfm?||Error Executing Database Query.
Wednesday, October 1, 2014|5:49:58 PM PDT|http://www.architectsnw.com/sitemanagement/addplan.cfm?||Error Executing Database Query.
Wednesday, October 1, 2014|5:51:46 PM PDT|http://www.architectsnw.com/sitemanagement/addplan.cfm?||Error Executing Database Query.
Sunday, October 5, 2014|9:29:15 AM PDT|http://cornerstonedesigns.com/siteMANAGEMENT/updatePlan.cfm?||Element FPI.DELMAINFLOORPLAN is undefined in ARGUMENTS.
Monday, October 6, 2014|6:35:24 AM PDT|http://cornerstonedesigns.com/sitemanagement/updatePlan.cfm?||Element FPI.DELMAINFLOORPLAN is undefined in ARGUMENTS.
Monday, October 6, 2014|6:36:17 AM PDT|http://cornerstonedesigns.com/sitemanagement/updatePlan.cfm?||Element FPI.DELMAINFLOORPLAN is undefined in ARGUMENTS.
Tuesday, February 24, 2015|12:10:53 PM PST|http://cornerstonedesigns.com/sitemanagement/deleteBuilderLink.cfm?deleteBC=1||Invalid data '' for CFSQLTYPE CF_SQL_SMALLINT.
Tuesday, February 24, 2015|12:11:13 PM PST|http://cornerstonedesigns.com/sitemanagement/deleteBuilderLink.cfm?deleteBC=1||Invalid data '' for CFSQLTYPE CF_SQL_SMALLINT.
Tuesday, February 24, 2015|12:11:32 PM PST|http://cornerstonedesigns.com/sitemanagement/deleteBuilderLink.cfm?deleteBC=1||Invalid data '' for CFSQLTYPE CF_SQL_SMALLINT.
Wednesday, April 1, 2015|3:36:55 PM PDT|http://cornerstonedesigns.com/sitemanagement/updatePlan.cfm?PlanId=767&submit=Go%21||Element ROOFLIVE is undefined in SESSION.
Wednesday, September 9, 2015|9:34:36 AM PDT|http://cornerstonedesigns.com/sitemanagement/managePlanImages.cfm?||Invalid data '' for CFSQLTYPE CF_SQL_INTEGER.
Friday, March 11, 2016|5:51:48 PM CST|http://www.architectsnw.com/sitemanagement/managePlanImages.cfm?||Element ProFlashUploadPath is undefined in APPLICATION.
Friday, March 11, 2016|5:52:07 PM CST|http://www.architectsnw.com/sitemanagement/managePlanImages.cfm?||Element ProFlashUploadPath is undefined in APPLICATION.
Friday, March 11, 2016|5:52:13 PM CST|http://www.architectsnw.com/sitemanagement/managePlanImages.cfm?||Element ProFlashUploadPath is undefined in APPLICATION.
Friday, March 11, 2016|6:13:32 PM CST|http://www.architectsnw.com/sitemanagement/managePlanImages.cfm?||Element ProFlashUpsloadPath is undefined in APPLICATION.
Friday, March 11, 2016|6:13:59 PM CST|http://www.architectsnw.com/sitemanagement/managePlanImages.cfm?||Folder 'D:\home\architectsnw.com\wwwroot\assets\tempphotos2' not found.
Tuesday, March 15, 2016|10:23:04 PM CDT|http://architectsnw.com/sitemanagement/managePlanImages.cfm?||Folder 'D:\home\architectsnw.com\wwwroot\wwwroot\assets\tempphotos' not found.
Tuesday, March 15, 2016|10:28:09 PM CDT|http://architectsnw.com/sitemanagement/managePlanImages.cfm?||Folder 'D:\home\architectsnw.com\wwwroot\tempPhotos' not found.
Tuesday, March 15, 2016|10:28:30 PM CDT|http://architectsnw.com/sitemanagement/managePlanImages.cfm?||Folder 'D:\home\architectsnw.com\wwwroot\tempPhotos' not found.
Wednesday, April 6, 2016|10:46:08 AM CDT|http://cornerstonedesigns.com/sitemanagement/updatePlan.cfm?||Element fpi.delMainFloorPlan is undefined in ARGUMENTS.
Wednesday, April 6, 2016|10:46:39 AM CDT|http://cornerstonedesigns.com/sitemanagement/updatePlan.cfm?||Element fpi.delMainFloorPlan is undefined in ARGUMENTS.
Wednesday, April 6, 2016|10:49:26 AM CDT|http://cornerstonedesigns.com/sitemanagement/updatePlan.cfm?||Element fpi.delMainFloorPlan is undefined in ARGUMENTS.
Wednesday, April 6, 2016|5:41:18 PM CDT|http://www.architectsnw.com/sitemanagement/updatePlan.cfm?||Element fpi.delMainFloorPlan is undefined in ARGUMENTS.
Wednesday, April 6, 2016|5:48:36 PM CDT|http://www.architectsnw.com/sitemanagement/updatePlan.cfm?||Element fpi.delLowerFloorPlan is undefined in ARGUMENTS.
Saturday, April 30, 2016|9:59:18 AM CDT|http://www.architectsnw.com/sitemanagement/relatedPlans.cfm?||The PLANNUMBER parameter to the getPulldownFromPlanNumber function is required but was not passed in.
Saturday, April 30, 2016|9:59:52 AM CDT|http://www.architectsnw.com/sitemanagement/relatedPlans.cfm?reinit||The PLANNUMBER parameter to the getPulldownFromPlanNumber function is required but was not passed in.
Saturday, April 30, 2016|10:00:17 AM CDT|http://www.architectsnw.com/sitemanagement/relatedPlans.cfm?reinit||The PLANNUMBER parameter to the getPulldownFromPlanNumber function is required but was not passed in.
Saturday, April 30, 2016|10:00:53 AM CDT|http://www.architectsnw.com/sitemanagement/relatedPlans.cfm?reinit||The PLANNUMBER parameter to the getPulldownFromPlanNumber function is required but was not passed in.
Saturday, April 30, 2016|10:01:20 AM CDT|http://www.architectsnw.com/sitemanagement/relatedPlans.cfm?reinit||The value returned from the getPulldownFromPlanNumber function is not of type query.
Saturday, April 30, 2016|10:01:38 AM CDT|http://www.architectsnw.com/sitemanagement/relatedPlans.cfm?reinit||The value returned from the getPulldownFromPlanNumber function is not of type query.
Saturday, April 30, 2016|10:02:24 AM CDT|http://www.architectsnw.com/sitemanagement/relatedPlans.cfm?||The value returned from the getPulldownFromPlanNumber function is not of type query.
Thursday, May 12, 2016|1:26:53 PM CDT|http://cornerstonedesigns.com/sitemanagement/managePlanImages.cfm?||Invalid data '' for CFSQLTYPE CF_SQL_INTEGER.
Wednesday, July 13, 2016|3:28:52 PM CDT|http://cornerstonedesigns.com/sitemanagement/updatePlan.cfm?||access denied ("java.io.FilePermission" "C:\ColdFusion11\cfusion\wwwroot\assets\floorplans\1035\original" "read")
Thursday, March 9, 2017|9:37:58 PM CST|http://architectsnw.com/sitemanagement/default.cfm?||The method getInactivePlans was not found in component D:\home\architectsnw.com\wwwroot\com\cornerstonedesigns\PlanService.cfc.
Wednesday, August 16, 2017|4:50:58 PM CDT|http://cornerstonedesigns.com/sitemanagement/deletePlan.cfm?deletePlan=1||Invalid data '' for CFSQLTYPE CF_SQL_SMALLINT.
Wednesday, August 16, 2017|4:51:19 PM CDT|http://cornerstonedesigns.com/sitemanagement/deletePlan.cfm?deletePlan=1||Invalid data '' for CFSQLTYPE CF_SQL_SMALLINT.
Wednesday, September 6, 2017|5:22:37 PM CDT|http://cornerstonedesigns.com/sitemanagement/viewAdminActivity.cfm?AdminViewedId=6||Invalid pageSize attribute.
Wednesday, November 1, 2017|9:04:31 AM CDT|http://cornerstonedesigns.com/sitemanagement/addplan.cfm?||An exception occurred while trying to read the image.
Wednesday, November 1, 2017|9:05:27 AM CDT|http://cornerstonedesigns.com/sitemanagement/addplan.cfm?||An exception occurred while trying to read the image.
Wednesday, November 1, 2017|9:06:04 AM CDT|http://cornerstonedesigns.com/sitemanagement/addplan.cfm?||An exception occurred while trying to read the image.
Wednesday, November 1, 2017|9:12:14 AM CDT|http://cornerstonedesigns.com/sitemanagement/updatePlan.cfm?||An exception occurred while trying to read the image.
Wednesday, November 1, 2017|9:49:56 AM CDT|http://cornerstonedesigns.com/sitemanagement/updatePlan.cfm?||An exception occurred while trying to read the image.
Wednesday, November 1, 2017|9:50:12 AM CDT|http://cornerstonedesigns.com/sitemanagement/updatePlan.cfm?||An exception occurred while trying to read the image.
Wednesday, November 1, 2017|9:51:28 AM CDT|http://cornerstonedesigns.com/sitemanagement/updatePlan.cfm?||An exception occurred while trying to read the image.
Wednesday, November 1, 2017|10:11:13 AM CDT|http://cornerstonedesigns.com/sitemanagement/updatePlan.cfm?||An exception occurred while trying to read the image.
Wednesday, November 1, 2017|10:11:30 AM CDT|http://cornerstonedesigns.com/sitemanagement/updatePlan.cfm?||An exception occurred while trying to read the image.
Wednesday, November 29, 2017|1:31:39 PM CST|http://cornerstonedesigns.com/sitemanagement/managePlanImages.cfm?||Invalid data '' for CFSQLTYPE CF_SQL_INTEGER.
Wednesday, November 29, 2017|1:31:57 PM CST|http://cornerstonedesigns.com/sitemanagement/managePlanImages.cfm?||Invalid data '' for CFSQLTYPE CF_SQL_INTEGER.
Wednesday, November 29, 2017|1:32:05 PM CST|http://cornerstonedesigns.com/sitemanagement/managePlanImages.cfm?||Invalid data '' for CFSQLTYPE CF_SQL_INTEGER.
Monday, December 4, 2017|4:07:52 PM CST|http://cornerstonedesigns.com/sitemanagement/managePlanImages.cfm?||Invalid data '' for CFSQLTYPE CF_SQL_INTEGER.
Monday, January 1, 2018|5:38:46 AM CST|http://www.cornerstonedesigns.com/sitemanagement/updatePlan.cfm?PlanId=61&submit=Go%21||Element thisPI.hasExistingMaterialsList is undefined in VARIABLES.
Monday, January 1, 2018|5:40:13 AM CST|http://www.cornerstonedesigns.com/sitemanagement/updatePlan.cfm?PlanId=61&submit=Go!||Element thisPI.hasExistingMaterialList is undefined in VARIABLES.
Monday, January 1, 2018|5:51:07 AM CST|http://www.cornerstonedesigns.com/sitemanagement/updatePlan.cfm?||Invalid data cfPlan2ecfc763374695$funcGETHASEXISTINGMATERIALLIST@14773ac4 for CFSQLTYPE CF_SQL_BIT.
Monday, January 1, 2018|5:58:46 AM CST|http://www.cornerstonedesigns.com/sitemanagement/updatePlan.cfm?||Invalid data cfPlan2ecfc763374695$funcGETHASEXISTINGMATERIALLIST@14773ac4 for CFSQLTYPE CF_SQL_BIT.
Monday, January 1, 2018|6:12:26 AM CST|http://www.cornerstonedesigns.com/sitemanagement/updatePlan.cfm?||Invalid data cfPlan2ecfc763374695$funcGETHASEXISTINGMATERIALLIST@14773ac4 for CFSQLTYPE CF_SQL_BIT.
Monday, January 1, 2018|6:14:48 AM CST|http://www.cornerstonedesigns.com/sitemanagement/updatePlan.cfm?||Invalid data cfPlan2ecfc763374695$funcGETHASEXISTINGMATERIALLIST@14773ac4 for CFSQLTYPE CF_SQL_BIT.
Monday, January 1, 2018|6:15:07 AM CST|http://www.cornerstonedesigns.com/sitemanagement/updatePlan.cfm?||Invalid data cfPlan2ecfc763374695$funcGETHASEXISTINGMATERIALLIST@14773ac4 for CFSQLTYPE CF_SQL_BIT.
Monday, January 1, 2018|6:15:55 AM CST|http://www.cornerstonedesigns.com/sitemanagement/updatePlan.cfm?||Invalid data cfPlan2ecfc763374695$funcGETHASEXISTINGMATERIALLIST@14773ac4 for CFSQLTYPE CF_SQL_BIT.
Monday, January 1, 2018|6:21:07 AM CST|http://www.cornerstonedesigns.com/sitemanagement/updatePlan.cfm?||Invalid data cfPlan2ecfc763374695$funcGETHASEXISTINGMATERIALLIST@2591f1ea for CFSQLTYPE CF_SQL_BIT.
