Wednesday, July 25, 2012|12:56:01 PM PDT|http://www.cornerstonedesigns.com/buildingResources/buildingProducts.cfm?||Error Executing Database Query.
Saturday, September 19, 2015|4:10:07 PM PDT|http://www.cornerstonedesigns.com/buildingResources/engineersAndSurveyors.cfm?||Variable PLANTITLE is undefined.
Wednesday, October 21, 2015|11:46:09 AM PDT|http://www.architectsnw.com/buildingResources/builderDirectory.cfm?||Error Executing Database Query.
Thursday, March 3, 2016|3:56:26 PM CST|http://architectsnw.com/buildingResources/engineersAndSurveyors.cfm?|onSessionStart|Event handler exception.
Friday, March 18, 2016|3:53:05 AM CDT|http://www.architectsnw.com/buildingResources/engineersAndSurveyors.cfm?|onSessionStart|Event handler exception.
Friday, March 25, 2016|6:16:24 AM CDT|http://www.architectsnw.com/buildingResources/builderDirectory.cfm?|onSessionStart|Event handler exception.
Thursday, March 31, 2016|6:32:11 PM CDT|http://architectsnw.com/buildingResources/buildingProducts.cfm?|onSessionStart|Event handler exception.
Saturday, April 9, 2016|6:21:29 PM CDT|http://www.architectsnw.com/buildingResources/engineersAndSurveyors.cfm?||A timeout occurred while attempting to lock the session scope.
Friday, April 29, 2016|6:36:09 AM CDT|http://www.architectsnw.com/buildingResources/engineersAndSurveyors.cfm?|onSessionStart|Event handler exception.
Friday, May 6, 2016|8:00:33 AM CDT|http://www.architectsnw.com/buildingResources/builderDirectory.cfm?|onSessionStart|Event handler exception.
Monday, May 9, 2016|8:32:33 AM CDT|http://www.cornerstonedesigns.com/buildingResources/engineersAndSurveyors.cfm?|onSessionStart|Event handler exception.
Monday, May 9, 2016|8:32:33 AM CDT|http://www.cornerstonedesigns.com/buildingResources/builderDirectory.cfm?|onSessionStart|Event handler exception.
Tuesday, May 10, 2016|10:44:09 AM CDT|http://www.architectsnw.com/buildingResources/engineersAndSurveyors.cfm?|onSessionStart|Event handler exception.
Tuesday, May 10, 2016|10:44:09 AM CDT|http://www.architectsnw.com/buildingResources/buildingProducts.cfm?|onSessionStart|Event handler exception.
Wednesday, May 11, 2016|1:51:46 AM CDT|http://www.cornerstonedesigns.com/buildingResources/engineersAndSurveyors.cfm?|onSessionStart|Event handler exception.
Thursday, May 19, 2016|10:05:41 AM CDT|http://www.architectsnw.com/buildingResources/buildingProducts.cfm?|onSessionStart|Event handler exception.
Friday, June 10, 2016|10:10:05 AM CDT|http://www.architectsnw.com/buildingResources/builderDirectory.cfm?|onSessionStart|Event handler exception.
Tuesday, June 14, 2016|3:54:57 PM CDT|http://www.architectsnw.com/buildingResources/builderDirectory.cfm?|onSessionStart|Event handler exception.
Tuesday, June 14, 2016|3:54:58 PM CDT|http://www.architectsnw.com/buildingResources/professionalAssociations.cfm?|onSessionStart|Event handler exception.
Friday, June 17, 2016|12:44:41 PM CDT|http://www.architectsnw.com/buildingResources/engineersAndSurveyors.cfm?|onSessionStart|Event handler exception.
Friday, June 17, 2016|12:44:42 PM CDT|http://www.architectsnw.com/buildingResources/builderDirectory.cfm?|onSessionStart|Event handler exception.
Saturday, June 18, 2016|2:43:58 PM CDT|http://www.cornerstonedesigns.com/buildingResources/professionalAssociations.cfm?||Error Executing Database Query.
Saturday, June 18, 2016|2:43:58 PM CDT|http://www.cornerstonedesigns.com/buildingResources/buildingProducts.cfm?|onSessionStart|Event handler exception.
Sunday, June 19, 2016|1:16:09 AM CDT|http://www.architectsnw.com/buildingResources/buildingProducts.cfm?||Error Executing Database Query.
Sunday, June 19, 2016|1:16:08 AM CDT|http://www.architectsnw.com/buildingResources/professionalAssociations.cfm?|onSessionStart|Event handler exception.
Sunday, June 19, 2016|1:16:25 AM CDT|http://www.architectsnw.com/buildingResources/buildingProducts.cfm?||Error Executing Database Query.
Sunday, June 19, 2016|1:16:24 AM CDT|http://www.architectsnw.com/buildingResources/professionalAssociations.cfm?|onSessionStart|Event handler exception.
Sunday, June 19, 2016|1:16:37 AM CDT|http://www.architectsnw.com/buildingResources/buildingProducts.cfm?||Error Executing Database Query.
Sunday, June 19, 2016|1:16:38 AM CDT|http://www.architectsnw.com/buildingResources/buildingProducts.cfm?|onSessionStart|Event handler exception.
Wednesday, June 22, 2016|11:57:43 PM CDT|http://www.cornerstonedesigns.com/buildingResources/professionalAssociations.cfm?||Error Executing Database Query.
Friday, June 24, 2016|9:25:26 AM CDT|http://www.architectsnw.com/buildingResources/builderDirectory.cfm?|onSessionStart|Event handler exception.
Tuesday, July 5, 2016|1:09:21 PM CDT|http://www.architectsnw.com/buildingResources/buildingProducts.cfm?||Could not find the included template /assets/customtags/layout.cfm.
Wednesday, July 13, 2016|2:05:51 AM CDT|http://www.architectsnw.com/buildingResources/professionalAssociations.cfm?||Could not find the included template /assets/customtags/layout.cfm.
Friday, July 15, 2016|4:38:02 AM CDT|http://www.architectsnw.com/buildingResources/builderDirectory.cfm?|onSessionStart|Event handler exception.
Sunday, September 25, 2016|2:32:55 PM CDT|http://www.architectsnw.com/buildingResources/engineersAndSurveyors.cfm?||Could not find the included template /assets/customtags/layout.cfm.
Tuesday, October 18, 2016|7:33:33 AM CDT|http://www.architectsnw.com/buildingResources/professionalAssociations.cfm?||Could not find the included template /assets/customtags/layout.cfm.
Thursday, March 30, 2017|9:57:56 PM CDT|http://www.cornerstonedesigns.com/buildingResources/professionalAssociations.cfm?|onSessionStart|Event handler exception.
